c:\users\admin\desktop\gr\opengl-3d\tiger_texture_ps_glsl\debug\vc141.pdb
c:\users\admin\desktop\gr\opengl-3d\tiger_texture_ps_glsl\debug\vc141.idb
c:\users\admin\desktop\gr\opengl-3d\tiger_texture_ps_glsl\debug\utility.obj
c:\users\admin\desktop\gr\opengl-3d\tiger_texture_ps_glsl\debug\main.obj
c:\users\admin\desktop\gr\opengl-3d\tiger_texture_ps_glsl\debug\loadshaders.obj
c:\users\admin\desktop\gr\opengl-3d\tiger_texture_ps_glsl\debug\floor.obj
c:\users\admin\desktop\gr\opengl-3d\tiger_texture_ps_glsl\debug\axes.obj
c:\users\admin\desktop\gr\opengl-3d\debug\tiger_texture_ps_glsl.exe
c:\users\admin\desktop\gr\opengl-3d\debug\tiger_texture_ps_glsl.ilk
c:\users\admin\desktop\gr\opengl-3d\debug\tiger_texture_ps_glsl.pdb
c:\users\yonguk lee\desktop\opengl-3d\tiger_texture_ps_glsl\debug\axes.obj
c:\users\yonguk lee\desktop\opengl-3d\tiger_texture_ps_glsl\debug\floor.obj
c:\users\yonguk lee\desktop\opengl-3d\tiger_texture_ps_glsl\debug\loadshaders.obj
c:\users\yonguk lee\desktop\opengl-3d\tiger_texture_ps_glsl\debug\main.obj
c:\users\yonguk lee\desktop\opengl-3d\tiger_texture_ps_glsl\debug\utility.obj
c:\users\yonguk lee\desktop\opengl-3d\tiger_texture_ps_glsl\debug\vc141.idb
c:\users\yonguk lee\desktop\opengl-3d\tiger_texture_ps_glsl\debug\vc141.pdb
c:\users\yonguk lee\desktop\opengl-3d\debug\tiger_texture_ps_glsl.pdb
c:\users\yonguk lee\desktop\opengl-3d\debug\tiger_texture_ps_glsl.exe
c:\users\yonguk lee\desktop\opengl-3d\debug\tiger_texture_ps_glsl.ilk
c:\users\yonguk lee\desktop\opengl-3d\tiger_texture_ps_glsl\debug\tiger_te.fa135248.tlog\cl.command.1.tlog
c:\users\yonguk lee\desktop\opengl-3d\tiger_texture_ps_glsl\debug\tiger_te.fa135248.tlog\cl.read.1.tlog
c:\users\yonguk lee\desktop\opengl-3d\tiger_texture_ps_glsl\debug\tiger_te.fa135248.tlog\cl.write.1.tlog
c:\users\yonguk lee\desktop\opengl-3d\tiger_texture_ps_glsl\debug\tiger_te.fa135248.tlog\link.command.1.tlog
c:\users\yonguk lee\desktop\opengl-3d\tiger_texture_ps_glsl\debug\tiger_te.fa135248.tlog\link.read.1.tlog
c:\users\yonguk lee\desktop\opengl-3d\tiger_texture_ps_glsl\debug\tiger_te.fa135248.tlog\link.write.1.tlog
